<?xml version="1.0" encoding="UTF-8"?>
<!-- Generated by org.testng.reporters.JUnitXMLReporter -->
<testsuite ignored="33" hostname="TRPL-PUN-0113" failures="1" tests="1" name="Default test" time="94.83" errors="0" timestamp="2025-01-23T16:44:39 IST">
  <testcase classname="testCases.DistributorTest" name="EntityBulkUploadInvalidCheck" time="41.871">
    <failure type="org.openqa.selenium.NoSuchElementException" message="no such element: Unable to locate element: {&amp;quot;method&amp;quot;:&amp;quot;xpath&amp;quot;,&amp;quot;selector&amp;quot;:&amp;quot;(//input[@class=&amp;apos;ng-pristine ng-valid ng-touched&amp;apos;])[1]&amp;quot;}
  (Session info: chrome=132.0.6834.84)
For documentation on this error, please visit: http://seleniumhq.org/exceptions/no_such_element.html
Build info: version: &amp;apos;3.141.0&amp;apos;, revision: &amp;apos;2ecb7d9a&amp;apos;, time: &amp;apos;2018-10-31T20:09:30&amp;apos;
System info: host: &amp;apos;TRPL-PUN-0113&amp;apos;, ip: &amp;apos;192.168.1.4&amp;apos;, os.name: &amp;apos;Windows 10&amp;apos;, os.arch: &amp;apos;amd64&amp;apos;, os.version: &amp;apos;10.0&amp;apos;, java.version: &amp;apos;17.0.5&amp;apos;
Driver info: org.openqa.selenium.chrome.ChromeDriver
Capabilities {acceptInsecureCerts: false, browserName: chrome, browserVersion: 132.0.6834.84, chrome: {chromedriverVersion: 131.0.6778.264 (2d05e315153..., userDataDir: C:\Users\mayurig\AppData\Lo...}, fedcm:accounts: true, goog:chromeOptions: {debuggerAddress: localhost:65283}, javascriptEnabled: true, networkConnectionEnabled: false, pageLoadStrategy: normal, platform: WINDOWS, platformName: WINDOWS, proxy: Proxy(), setWindowRect: true, strictFileInteractability: false, timeouts: {implicit: 0, pageLoad: 300000, script: 30000}, unhandledPromptBehavior: dismiss and notify, webauthn:extension:credBlob: true, webauthn:extension:largeBlob: true, webauthn:extension:minPinLength: true, webauthn:extension:prf: true, webauthn:virtualAuthenticators: true}
Session ID: 228cc3d4ad38855037e5b7c44f9fc8b9
*** Element info: {Using=xpath, value=(//input[@class=&amp;apos;ng-pristine ng-valid ng-touched&amp;apos;])[1]}">
      <![CDATA[org.openqa.selenium.NoSuchElementException: no such element: Unable to locate element: {"method":"xpath","selector":"(//input[@class='ng-pristine ng-valid ng-touched'])[1]"}
  (Session info: chrome=132.0.6834.84)
For documentation on this error, please visit: http://seleniumhq.org/exceptions/no_such_element.html
Build info: version: '3.141.0', revision: '2ecb7d9a', time: '2018-10-31T20:09:30'
System info: host: 'TRPL-PUN-0113', ip: '192.168.1.4', os.name: 'Windows 10', os.arch: 'amd64', os.version: '10.0', java.version: '17.0.5'
Driver info: org.openqa.selenium.chrome.ChromeDriver
Capabilities {acceptInsecureCerts: false, browserName: chrome, browserVersion: 132.0.6834.84, chrome: {chromedriverVersion: 131.0.6778.264 (2d05e315153..., userDataDir: C:\Users\mayurig\AppData\Lo...}, fedcm:accounts: true, goog:chromeOptions: {debuggerAddress: localhost:65283}, javascriptEnabled: true, networkConnectionEnabled: false, pageLoadStrategy: normal, platform: WINDOWS, platformName: WINDOWS, proxy: Proxy(), setWindowRect: true, strictFileInteractability: false, timeouts: {implicit: 0, pageLoad: 300000, script: 30000}, unhandledPromptBehavior: dismiss and notify, webauthn:extension:credBlob: true, webauthn:extension:largeBlob: true, webauthn:extension:minPinLength: true, webauthn:extension:prf: true, webauthn:virtualAuthenticators: true}
Session ID: 228cc3d4ad38855037e5b7c44f9fc8b9
*** Element info: {Using=xpath, value=(//input[@class='ng-pristine ng-valid ng-touched'])[1]}
at java.base/jdk.internal.reflect.NativeConstructorAccessorImpl.newInstance0(Native Method)
at java.base/jdk.internal.reflect.NativeConstructorAccessorImpl.newInstance(NativeConstructorAccessorImpl.java:77)
at java.base/jdk.internal.reflect.DelegatingConstructorAccessorImpl.newInstance(DelegatingConstructorAccessorImpl.java:45)
at java.base/java.lang.reflect.Constructor.newInstanceWithCaller(Constructor.java:499)
at java.base/java.lang.reflect.Constructor.newInstance(Constructor.java:480)
at org.openqa.selenium.remote.http.W3CHttpResponseCodec.createException(W3CHttpResponseCodec.java:187)
at org.openqa.selenium.remote.http.W3CHttpResponseCodec.decode(W3CHttpResponseCodec.java:122)
at org.openqa.selenium.remote.http.W3CHttpResponseCodec.decode(W3CHttpResponseCodec.java:49)
at org.openqa.selenium.remote.HttpCommandExecutor.execute(HttpCommandExecutor.java:158)
at org.openqa.selenium.remote.service.DriverCommandExecutor.execute(DriverCommandExecutor.java:83)
at org.openqa.selenium.remote.RemoteWebDriver.execute(RemoteWebDriver.java:552)
at org.openqa.selenium.remote.RemoteWebDriver.findElement(RemoteWebDriver.java:323)
at org.openqa.selenium.remote.RemoteWebDriver.findElementByXPath(RemoteWebDriver.java:428)
at org.openqa.selenium.By$ByXPath.findElement(By.java:353)
at org.openqa.selenium.remote.RemoteWebDriver.findElement(RemoteWebDriver.java:315)
at distributor.Locators.CheckBox(Locators.java:683)
at distributor.Methods.EntityBulkUploadInvalidCheck(Methods.java:1992)
at testCases.DistributorTest.EntityBulkUploadInvalidCheck(DistributorTest.java:447)
at java.base/jdk.internal.reflect.NativeMethodAccessorImpl.invoke0(Native Method)
at java.base/jdk.internal.reflect.NativeMethodAccessorImpl.invoke(NativeMethodAccessorImpl.java:77)
at java.base/jdk.internal.reflect.DelegatingMethodAccessorImpl.invoke(DelegatingMethodAccessorImpl.java:43)
at java.base/java.lang.reflect.Method.invoke(Method.java:568)
at org.testng.internal.invokers.MethodInvocationHelper.invokeMethod(MethodInvocationHelper.java:139)
at org.testng.internal.invokers.TestInvoker.invokeMethod(TestInvoker.java:677)
at org.testng.internal.invokers.TestInvoker.invokeTestMethod(TestInvoker.java:221)
at org.testng.internal.invokers.MethodRunner.runInSequence(MethodRunner.java:50)
at org.testng.internal.invokers.TestInvoker$MethodInvocationAgent.invoke(TestInvoker.java:969)
at org.testng.internal.invokers.TestInvoker.invokeTestMethods(TestInvoker.java:194)
at org.testng.internal.invokers.TestMethodWorker.invokeTestMethods(TestMethodWorker.java:148)
at org.testng.internal.invokers.TestMethodWorker.run(TestMethodWorker.java:128)
at java.base/java.util.ArrayList.forEach(ArrayList.java:1511)
at org.testng.TestRunner.privateRun(TestRunner.java:829)
at org.testng.TestRunner.run(TestRunner.java:602)
at org.testng.SuiteRunner.runTest(SuiteRunner.java:437)
at org.testng.SuiteRunner.runSequentially(SuiteRunner.java:431)
at org.testng.SuiteRunner.privateRun(SuiteRunner.java:391)
at org.testng.SuiteRunner.run(SuiteRunner.java:330)
at org.testng.SuiteRunnerWorker.runSuite(SuiteRunnerWorker.java:52)
at org.testng.SuiteRunnerWorker.run(SuiteRunnerWorker.java:95)
at org.testng.TestNG.runSuitesSequentially(TestNG.java:1256)
at org.testng.TestNG.runSuitesLocally(TestNG.java:1176)
at org.testng.TestNG.runSuites(TestNG.java:1099)
at org.testng.TestNG.run(TestNG.java:1067)
at org.testng.remote.AbstractRemoteTestNG.run(AbstractRemoteTestNG.java:115)
at org.testng.remote.RemoteTestNG.initAndRun(RemoteTestNG.java:251)
at org.testng.remote.RemoteTestNG.main(RemoteTestNG.java:77)
]]>
    </failure>
  </testcase> <!-- EntityBulkUploadInvalidCheck -->
  <testcase classname="testCases.DistributorTest" name="UserDelete" time="0.0">
    <ignored/>
  </testcase> <!-- UserDelete -->
  <testcase classname="testCases.DistributorTest" name="UserDeleteAssign" time="0.0">
    <ignored/>
  </testcase> <!-- UserDeleteAssign -->
  <testcase classname="testCases.DistributorTest" name="SearchCorporateClear" time="0.0">
    <ignored/>
  </testcase> <!-- SearchCorporateClear -->
  <testcase classname="testCases.DistributorTest" name="EntityDeleteCancel" time="0.0">
    <ignored/>
  </testcase> <!-- EntityDeleteCancel -->
  <testcase classname="testCases.DistributorTest" name="CorporateView" time="0.0">
    <ignored/>
  </testcase> <!-- CorporateView -->
  <testcase classname="testCases.DistributorTest" name="EntityBulkUpload" time="0.0">
    <ignored/>
  </testcase> <!-- EntityBulkUpload -->
  <testcase classname="testCases.DistributorTest" name="CorporateBack" time="0.0">
    <ignored/>
  </testcase> <!-- CorporateBack -->
  <testcase classname="testCases.DistributorTest" name="SearchUserClear" time="0.0">
    <ignored/>
  </testcase> <!-- SearchUserClear -->
  <testcase classname="testCases.DistributorTest" name="EntityEditinvalid" time="0.0">
    <ignored/>
  </testcase> <!-- EntityEditinvalid -->
  <testcase classname="testCases.DistributorTest" name="CorporateEditInvalid" time="0.0">
    <ignored/>
  </testcase> <!-- CorporateEditInvalid -->
  <testcase classname="testCases.DistributorTest" name="CorporateAddNew" time="0.0">
    <ignored/>
  </testcase> <!-- CorporateAddNew -->
  <testcase classname="testCases.DistributorTest" name="SearchCorporate" time="0.0">
    <ignored/>
  </testcase> <!-- SearchCorporate -->
  <testcase classname="testCases.DistributorTest" name="EntityBulkUploadInvalid" time="0.0">
    <ignored/>
  </testcase> <!-- EntityBulkUploadInvalid -->
  <testcase classname="testCases.DistributorTest" name="UserEdit" time="0.0">
    <ignored/>
  </testcase> <!-- UserEdit -->
  <testcase classname="testCases.DistributorTest" name="UserDeleteCancel" time="0.0">
    <ignored/>
  </testcase> <!-- UserDeleteCancel -->
  <testcase classname="testCases.DistributorTest" name="CorporateEdit" time="0.0">
    <ignored/>
  </testcase> <!-- CorporateEdit -->
  <testcase classname="testCases.DistributorTest" name="CorDeleteCancel" time="0.0">
    <ignored/>
  </testcase> <!-- CorDeleteCancel -->
  <testcase classname="testCases.DistributorTest" name="EntityEdit" time="0.0">
    <ignored/>
  </testcase> <!-- EntityEdit -->
  <testcase classname="testCases.DistributorTest" name="SearchUser" time="0.0">
    <ignored/>
  </testcase> <!-- SearchUser -->
  <testcase classname="testCases.DistributorTest" name="SearchCustomer" time="0.0">
    <ignored/>
  </testcase> <!-- SearchCustomer -->
  <testcase classname="testCases.DistributorTest" name="User" time="0.0">
    <ignored/>
  </testcase> <!-- User -->
  <testcase classname="testCases.DistributorTest" name="Corporate" time="0.0">
    <ignored/>
  </testcase> <!-- Corporate -->
  <testcase classname="testCases.DistributorTest" name="SearchEntity" time="0.0">
    <ignored/>
  </testcase> <!-- SearchEntity -->
  <testcase classname="testCases.DistributorTest" name="EntityBulkUploadCheck" time="0.0">
    <ignored/>
  </testcase> <!-- EntityBulkUploadCheck -->
  <testcase classname="testCases.DistributorTest" name="EntityAddNew" time="0.0">
    <ignored/>
  </testcase> <!-- EntityAddNew -->
  <testcase classname="testCases.DistributorTest" name="EntityDelete" time="0.0">
    <ignored/>
  </testcase> <!-- EntityDelete -->
  <testcase classname="testCases.DistributorTest" name="UserEditInvalid" time="0.0">
    <ignored/>
  </testcase> <!-- UserEditInvalid -->
  <testcase classname="testCases.DistributorTest" name="Entity" time="0.0">
    <ignored/>
  </testcase> <!-- Entity -->
  <testcase classname="testCases.DistributorTest" name="UserAddNew" time="0.0">
    <ignored/>
  </testcase> <!-- UserAddNew -->
  <testcase classname="testCases.DistributorTest" name="corporateDelete" time="0.0">
    <ignored/>
  </testcase> <!-- corporateDelete -->
  <testcase classname="testCases.DistributorTest" name="UserBack" time="0.0">
    <ignored/>
  </testcase> <!-- UserBack -->
  <testcase classname="testCases.DistributorTest" name="SearchEntityClear" time="0.0">
    <ignored/>
  </testcase> <!-- SearchEntityClear -->
  <testcase classname="testCases.DistributorTest" name="ExportUser" time="0.0">
    <ignored/>
  </testcase> <!-- ExportUser -->
</testsuite> <!-- Default test -->
